<?xml version="1.0" encoding="UTF-8"?>
<!-- Generated by org.testng.reporters.JUnitReportReporter -->
<testsuite hostname="Sumair" failures="0" tests="6" name="navigationmenu.NavigationMenuTests" time="20.589" errors="0" timestamp="2025-09-04T13:52:39 IST" skipped="0">
  <testcase classname="navigationmenu.NavigationMenuTests" name="navigateToNewLeads" time="3.415"/>
  <testcase classname="navigationmenu.NavigationMenuTests" name="navigateToAllLeads" time="3.306"/>
  <testcase classname="navigationmenu.NavigationMenuTests" name="navigateToCustomers" time="3.415"/>
  <testcase classname="navigationmenu.NavigationMenuTests" name="navigateToAddServices" time="3.329"/>
  <testcase classname="navigationmenu.NavigationMenuTests" name="navigateToAddEmployee" time="2.639"/>
  <testcase classname="navigationmenu.NavigationMenuTests" name="navigateToAddTask" time="4.485"/>
</testsuite> <!-- navigationmenu.NavigationMenuTests -->
