<?xml version="1.0" encoding="UTF-8"?>
<!-- Generated by org.testng.reporters.JUnitReportReporter -->
<testsuite hostname="Sumair" failures="0" tests="4" name="dashboard.DashBoardTests" time="14.104" errors="0" timestamp="2025-09-04T13:52:39 IST" skipped="0">
  <testcase classname="dashboard.DashBoardTests" name="totalCustomersWidgetRedirects" time="3.372"/>
  <testcase classname="dashboard.DashBoardTests" name="tasksWidgetRedirects" time="2.714"/>
  <testcase classname="dashboard.DashBoardTests" name="employeesWidgetRedirects" time="3.403"/>
  <testcase classname="dashboard.DashBoardTests" name="paymentsWidgetRedirects" time="4.615"/>
</testsuite> <!-- dashboard.DashBoardTests -->
