<?xml version="1.0" encoding="UTF-8"?>
<!-- Generated by org.testng.reporters.JUnitReportReporter -->
<testsuite hostname="Sumair" failures="0" tests="3" name="login.LoginTests" time="9.954" errors="0" timestamp="2025-09-04T13:52:39 IST" skipped="0">
  <testcase classname="login.LoginTests" name="validLogin" time="2.713"/>
  <testcase classname="login.LoginTests" name="invalidLogin" time="3.271"/>
  <testcase classname="login.LoginTests" name="logoutTest" time="3.970"/>
</testsuite> <!-- login.LoginTests -->
