<?xml version="1.0" encoding="UTF-8"?>
<!-- Generated by org.testng.reporters.JUnitReportReporter -->
<testsuite hostname="Sumair" failures="0" tests="5" name="searchbar.SearchBarTests" time="17.821" errors="0" timestamp="2025-09-04T13:52:39 IST" skipped="0">
  <testcase classname="searchbar.SearchBarTests" name="searchByName" time="3.356"/>
  <testcase classname="searchbar.SearchBarTests" name="searchByPhone" time="2.612"/>
  <testcase classname="searchbar.SearchBarTests" name="searchByService" time="3.616"/>
  <testcase classname="searchbar.SearchBarTests" name="searchByTaskId" time="4.320"/>
  <testcase classname="searchbar.SearchBarTests" name="clearSearchButtonTest" time="3.917"/>
</testsuite> <!-- searchbar.SearchBarTests -->
